2020-11-11 22:27:00,758 [logger.py] <函数:sum>行数:37 -INFO- 计算：1+3
2020-11-11 22:27:09,423 [login_page.py] <函数:test_login>行数:54 -INFO- 帐号登录中......帐号:liuxu密码111111
2020-11-11 22:27:11,888 [login_page.py] <函数:assert_text>行数:61 -INFO- 登录断言中......返回状态：True
2020-11-11 22:27:20,473 [send_email.py] <函数:send>行数:43 -INFO- 邮件发送中......
2020-11-11 22:30:17,671 [login_page.py] <函数:test_login>行数:54 -INFO- 帐号登录中......帐号:liuxu密码111111
2020-11-11 22:30:20,824 [login_page.py] <函数:assert_text>行数:61 -INFO- 登录断言中......返回状态：True
2020-11-11 22:30:28,898 [send_email.py] <函数:send>行数:43 -INFO- 邮件发送中......
2020-11-11 22:31:13,923 [login_page.py] <函数:test_login>行数:54 -INFO- 帐号登录中......帐号:liuxu密码111111
2020-11-11 22:31:16,360 [login_page.py] <函数:assert_text>行数:61 -INFO- 登录断言中......返回状态：True
2020-11-11 22:31:24,379 [send_email.py] <函数:send>行数:43 -INFO- 邮件发送中......
2020-11-11 22:34:23,365 [logger.py] <函数:input_log>行数:38 -INFO- 日志打印中......
2020-11-11 22:34:32,464 [login_page.py] <函数:test_login>行数:54 -INFO- 帐号登录中......帐号:liuxu密码111111
2020-11-11 22:34:35,094 [login_page.py] <函数:assert_text>行数:61 -INFO- 登录断言中......返回状态：True
2020-11-11 22:34:43,226 [send_email.py] <函数:send>行数:43 -INFO- 邮件发送中......
2020-11-11 22:48:48,453 [logger.py] <函数:input_log>行数:38 -INFO- 日志打印中......
2020-11-11 22:48:57,315 [login_page.py] <函数:test_login>行数:54 -INFO- 帐号登录中......帐号:liuxu密码111111
2020-11-11 22:48:59,778 [login_page.py] <函数:assert_text>行数:61 -INFO- 登录断言中......返回状态：True
2020-11-11 22:49:07,875 [send_email.py] <函数:send>行数:43 -INFO- 邮件发送中......
2020-11-12 15:54:18,477 [logger.py] <函数:input_log>行数:38 -INFO- 日志打印中......
2020-11-12 15:54:29,239 [login_page.py] <函数:test_login>行数:54 -INFO- 帐号登录中......帐号:liuxu密码111111
2020-11-12 15:54:32,180 [login_page.py] <函数:assert_text>行数:61 -INFO- 登录断言中......返回状态：True
2020-11-12 15:54:41,142 [send_email.py] <函数:send>行数:43 -INFO- 邮件发送中......
2020-11-12 15:57:11,287 [logger.py] <函数:input_log>行数:38 -INFO- 日志打印中......
2020-11-12 15:57:20,389 [login_page.py] <函数:test_login>行数:54 -INFO- 帐号登录中......帐号:liuxu密码111111
2020-11-12 15:57:23,084 [login_page.py] <函数:assert_text>行数:61 -INFO- 登录断言中......返回状态：True
2020-11-12 15:57:32,057 [send_email.py] <函数:send>行数:43 -INFO- 邮件发送中......
2020-11-12 15:59:11,044 [logger.py] <函数:input_log>行数:38 -INFO- 日志打印中......
2020-11-12 15:59:20,147 [login_page.py] <函数:test_login>行数:54 -INFO- 帐号登录中......帐号:liuxu密码111111
2020-11-12 15:59:22,824 [login_page.py] <函数:assert_text>行数:61 -INFO- 登录断言中......返回状态：True
2020-11-12 15:59:31,956 [send_email.py] <函数:send>行数:43 -INFO- 邮件发送中......
2020-11-12 15:59:37,226 [logger.py] <函数:input_log>行数:38 -INFO- 日志打印中......
2020-11-12 15:59:46,438 [login_page.py] <函数:test_login>行数:54 -INFO- 帐号登录中......帐号:liuxu密码111111
2020-11-12 15:59:49,107 [login_page.py] <函数:assert_text>行数:61 -INFO- 登录断言中......返回状态：True
2020-11-12 15:59:58,117 [send_email.py] <函数:send>行数:43 -INFO- 邮件发送中......
2020-11-12 16:07:10,451 [logger.py] <函数:input_log>行数:38 -INFO- 日志打印中......
2020-11-12 16:07:19,866 [login_page.py] <函数:test_login>行数:54 -INFO- 帐号登录中......帐号:liuxu密码111111
2020-11-12 16:07:22,586 [login_page.py] <函数:assert_text>行数:61 -INFO- 登录断言中......返回状态：True
2020-11-12 16:07:31,396 [send_email.py] <函数:send>行数:43 -INFO- 邮件发送中......
2020-11-12 16:08:08,839 [logger.py] <函数:input_log>行数:38 -INFO- 日志打印中......
2020-11-12 16:08:18,501 [login_page.py] <函数:test_login>行数:54 -INFO- 帐号登录中......帐号:liuxu密码111111
2020-11-12 16:08:21,212 [login_page.py] <函数:assert_text>行数:61 -INFO- 登录断言中......返回状态：True
2020-11-12 16:08:30,098 [send_email.py] <函数:send>行数:43 -INFO- 邮件发送中......
2020-11-12 16:10:27,371 [logger.py] <函数:input_log>行数:38 -INFO- 日志打印中......
2020-11-12 16:10:36,425 [login_page.py] <函数:test_login>行数:54 -INFO- 帐号登录中......帐号:liuxu密码111111
2020-11-12 16:10:39,058 [login_page.py] <函数:assert_text>行数:61 -INFO- 登录断言中......返回状态：True
2020-11-12 16:10:47,951 [send_email.py] <函数:send>行数:43 -INFO- 邮件发送中......
2020-11-12 16:18:23,088 [logger.py] <函数:input_log>行数:38 -INFO- 日志打印中......
2020-11-12 16:18:43,082 [base_page.py] <函数:find_el>行数:29 -ERROR- 元素定位失败......信息Message: no such element: Unable to locate element: {"method":"xpath","selector":"/html/body/div[4]/div/div[2]/div[2]/form/div[111]/input"}
  (Session info: chrome=87.0.4263.3)
,定位元素:xpath
2020-11-12 16:18:52,018 [send_email.py] <函数:send>行数:43 -INFO- 邮件发送中......
2020-11-27 12:12:11,282 [logger.py] <函数:input_log>行数:38 -INFO- 日志打印中......
2020-11-27 12:12:21,266 [login_page.py] <函数:test_login>行数:54 -INFO- 帐号登录中......帐号:liuxu密码111111
2020-11-27 12:12:24,195 [login_page.py] <函数:assert_text>行数:61 -INFO- 登录断言中......返回状态：True
2020-11-27 12:12:33,207 [send_email.py] <函数:send>行数:43 -INFO- 邮件发送中......
2020-11-27 12:14:41,573 [logger.py] <函数:input_log>行数:38 -INFO- 日志打印中......
2020-11-27 12:14:50,616 [login_page.py] <函数:test_login>行数:54 -INFO- 帐号登录中......帐号:liuxu密码111111
2020-11-27 12:14:53,473 [login_page.py] <函数:assert_text>行数:61 -INFO- 登录断言中......返回状态：True
2020-11-27 12:15:02,391 [send_email.py] <函数:send>行数:43 -INFO- 邮件发送中......
2020-11-27 12:17:53,034 [logger.py] <函数:input_log>行数:38 -INFO- 日志打印中......
2020-11-27 12:18:02,074 [login_page.py] <函数:test_login>行数:54 -INFO- 帐号登录中......帐号:liuxu密码111111
2020-11-27 12:18:04,793 [login_page.py] <函数:assert_text>行数:61 -INFO- 登录断言中......返回状态：True
2020-11-27 12:18:13,572 [send_email.py] <函数:send>行数:43 -INFO- 邮件发送中......
2020-11-27 13:24:13,195 [logger.py] <函数:input_log>行数:38 -INFO- 日志打印中......
2020-11-27 13:24:22,745 [login_page.py] <函数:test_login>行数:54 -INFO- 帐号登录中......帐号:liuxu密码111111
2020-11-27 13:24:25,526 [login_page.py] <函数:assert_text>行数:61 -INFO- 登录断言中......返回状态：True
2020-11-27 13:24:34,354 [send_email.py] <函数:send>行数:43 -INFO- 邮件发送中......
2020-11-27 14:00:16,991 [logger.py] <函数:input_log>行数:38 -INFO- 日志打印中......
2020-11-27 14:00:26,912 [login_page.py] <函数:test_login>行数:54 -INFO- 帐号登录中......帐号:liuxu密码111111
2020-11-27 14:00:29,843 [login_page.py] <函数:assert_text>行数:61 -INFO- 登录断言中......返回状态：True
2020-11-27 14:00:38,842 [send_email.py] <函数:send>行数:43 -INFO- 邮件发送中......
